  1102913.cpp
C:\Users\Benson\Desktop\1102913\1102913\1102913\1102913.cpp(18,20): warning C4305: '正在初始化': 從 'double' 轉換為 'float'，是由較大的類型轉換為較小的類型，可能導致資料遺失
C:\Users\Benson\Desktop\1102913\1102913\1102913\1102913.cpp(19,19): warning C4305: '正在初始化': 從 'double' 轉換為 'float'，是由較大的類型轉換為較小的類型，可能導致資料遺失
C:\Users\Benson\Desktop\1102913\1102913\1102913\1102913.cpp(20,19): warning C4305: '正在初始化': 從 'double' 轉換為 'float'，是由較大的類型轉換為較小的類型，可能導致資料遺失
C:\Users\Benson\Desktop\1102913\1102913\1102913\1102913.cpp(21,19): warning C4305: '正在初始化': 從 'double' 轉換為 'float'，是由較大的類型轉換為較小的類型，可能導致資料遺失
C:\Users\Benson\Desktop\1102913\1102913\1102913\1102913.cpp(22,23): warning C4305: '正在初始化': 從 'double' 轉換為 'float'，是由較大的類型轉換為較小的類型，可能導致資料遺失
C:\Users\Benson\Desktop\1102913\1102913\1102913\1102913.cpp(23,23): warning C4305: '正在初始化': 從 'double' 轉換為 'float'，是由較大的類型轉換為較小的類型，可能導致資料遺失
C:\Users\Benson\Desktop\1102913\1102913\1102913\1102913.cpp(36,16): warning C4244: '引數': 將 'int' 轉換為 'GLfloat'，由於類型不同，可能導致資料遺失
C:\Users\Benson\Desktop\1102913\1102913\1102913\1102913.cpp(36,13): warning C4244: '引數': 將 'int' 轉換為 'GLfloat'，由於類型不同，可能導致資料遺失
C:\Users\Benson\Desktop\1102913\1102913\1102913\1102913.cpp(37,20): warning C4244: '引數': 將 'int' 轉換為 'GLfloat'，由於類型不同，可能導致資料遺失
C:\Users\Benson\Desktop\1102913\1102913\1102913\1102913.cpp(37,15): warning C4244: '引數': 將 'int' 轉換為 'GLfloat'，由於類型不同，可能導致資料遺失
C:\Users\Benson\Desktop\1102913\1102913\1102913\1102913.cpp(38,22): warning C4244: '引數': 將 'int' 轉換為 'GLfloat'，由於類型不同，可能導致資料遺失
C:\Users\Benson\Desktop\1102913\1102913\1102913\1102913.cpp(38,15): warning C4244: '引數': 將 'int' 轉換為 'GLfloat'，由於類型不同，可能導致資料遺失
C:\Users\Benson\Desktop\1102913\1102913\1102913\1102913.cpp(39,18): warning C4244: '引數': 將 'int' 轉換為 'GLfloat'，由於類型不同，可能導致資料遺失
C:\Users\Benson\Desktop\1102913\1102913\1102913\1102913.cpp(39,13): warning C4244: '引數': 將 'int' 轉換為 'GLfloat'，由於類型不同，可能導致資料遺失
C:\Users\Benson\Desktop\1102913\1102913\1102913\1102913.cpp(43,22): warning C4244: '引數': 將 'int' 轉換為 'GLfloat'，由於類型不同，可能導致資料遺失
C:\Users\Benson\Desktop\1102913\1102913\1102913\1102913.cpp(43,15): warning C4244: '引數': 將 'int' 轉換為 'GLfloat'，由於類型不同，可能導致資料遺失
C:\Users\Benson\Desktop\1102913\1102913\1102913\1102913.cpp(44,22): warning C4244: '引數': 將 'int' 轉換為 'GLfloat'，由於類型不同，可能導致資料遺失
C:\Users\Benson\Desktop\1102913\1102913\1102913\1102913.cpp(44,15): warning C4244: '引數': 將 'int' 轉換為 'GLfloat'，由於類型不同，可能導致資料遺失
C:\Users\Benson\Desktop\1102913\1102913\1102913\1102913.cpp(45,22): warning C4244: '引數': 將 'int' 轉換為 'GLfloat'，由於類型不同，可能導致資料遺失
C:\Users\Benson\Desktop\1102913\1102913\1102913\1102913.cpp(45,15): warning C4244: '引數': 將 'int' 轉換為 'GLfloat'，由於類型不同，可能導致資料遺失
C:\Users\Benson\Desktop\1102913\1102913\1102913\1102913.cpp(46,18): warning C4244: '引數': 將 'int' 轉換為 'GLfloat'，由於類型不同，可能導致資料遺失
C:\Users\Benson\Desktop\1102913\1102913\1102913\1102913.cpp(46,13): warning C4244: '引數': 將 'int' 轉換為 'GLfloat'，由於類型不同，可能導致資料遺失
C:\Users\Benson\Desktop\1102913\1102913\1102913\1102913.cpp(50,20): warning C4244: '引數': 將 'int' 轉換為 'GLfloat'，由於類型不同，可能導致資料遺失
C:\Users\Benson\Desktop\1102913\1102913\1102913\1102913.cpp(50,15): warning C4244: '引數': 將 'int' 轉換為 'GLfloat'，由於類型不同，可能導致資料遺失
C:\Users\Benson\Desktop\1102913\1102913\1102913\1102913.cpp(51,22): warning C4244: '引數': 將 'int' 轉換為 'GLfloat'，由於類型不同，可能導致資料遺失
C:\Users\Benson\Desktop\1102913\1102913\1102913\1102913.cpp(51,15): warning C4244: '引數': 將 'int' 轉換為 'GLfloat'，由於類型不同，可能導致資料遺失
C:\Users\Benson\Desktop\1102913\1102913\1102913\1102913.cpp(55,20): warning C4244: '引數': 將 'int' 轉換為 'GLfloat'，由於類型不同，可能導致資料遺失
C:\Users\Benson\Desktop\1102913\1102913\1102913\1102913.cpp(55,15): warning C4244: '引數': 將 'int' 轉換為 'GLfloat'，由於類型不同，可能導致資料遺失
C:\Users\Benson\Desktop\1102913\1102913\1102913\1102913.cpp(56,20): warning C4244: '引數': 將 'int' 轉換為 'GLfloat'，由於類型不同，可能導致資料遺失
C:\Users\Benson\Desktop\1102913\1102913\1102913\1102913.cpp(56,15): warning C4244: '引數': 將 'int' 轉換為 'GLfloat'，由於類型不同，可能導致資料遺失
C:\Users\Benson\Desktop\1102913\1102913\1102913\1102913.cpp(57,22): warning C4244: '引數': 將 'int' 轉換為 'GLfloat'，由於類型不同，可能導致資料遺失
C:\Users\Benson\Desktop\1102913\1102913\1102913\1102913.cpp(57,15): warning C4244: '引數': 將 'int' 轉換為 'GLfloat'，由於類型不同，可能導致資料遺失
C:\Users\Benson\Desktop\1102913\1102913\1102913\1102913.cpp(58,22): warning C4244: '引數': 將 'int' 轉換為 'GLfloat'，由於類型不同，可能導致資料遺失
C:\Users\Benson\Desktop\1102913\1102913\1102913\1102913.cpp(58,15): warning C4244: '引數': 將 'int' 轉換為 'GLfloat'，由於類型不同，可能導致資料遺失
C:\Users\Benson\Desktop\1102913\1102913\1102913\1102913.cpp(62,22): warning C4244: '引數': 將 'int' 轉換為 'GLfloat'，由於類型不同，可能導致資料遺失
C:\Users\Benson\Desktop\1102913\1102913\1102913\1102913.cpp(62,15): warning C4244: '引數': 將 'int' 轉換為 'GLfloat'，由於類型不同，可能導致資料遺失
C:\Users\Benson\Desktop\1102913\1102913\1102913\1102913.cpp(63,22): warning C4244: '引數': 將 'int' 轉換為 'GLfloat'，由於類型不同，可能導致資料遺失
C:\Users\Benson\Desktop\1102913\1102913\1102913\1102913.cpp(63,15): warning C4244: '引數': 將 'int' 轉換為 'GLfloat'，由於類型不同，可能導致資料遺失
C:\Users\Benson\Desktop\1102913\1102913\1102913\1102913.cpp(79,26): warning C4305: '引數': 從 'double' 轉換為 'GLfloat'，是由較大的類型轉換為較小的類型，可能導致資料遺失
C:\Users\Benson\Desktop\1102913\1102913\1102913\1102913.cpp(83,49): warning C4244: '引數': 將 'double' 轉換為 'GLfloat'，由於類型不同，可能導致資料遺失
C:\Users\Benson\Desktop\1102913\1102913\1102913\1102913.cpp(83,18): warning C4244: '引數': 將 'double' 轉換為 'GLfloat'，由於類型不同，可能導致資料遺失
C:\Users\Benson\Desktop\1102913\1102913\1102913\1102913.cpp(87,25): warning C4305: '引數': 從 'double' 轉換為 'GLfloat'，是由較大的類型轉換為較小的類型，可能導致資料遺失
C:\Users\Benson\Desktop\1102913\1102913\1102913\1102913.cpp(88,24): warning C4305: '引數': 從 'double' 轉換為 'GLfloat'，是由較大的類型轉換為較小的類型，可能導致資料遺失
C:\Users\Benson\Desktop\1102913\1102913\1102913\1102913.cpp(92,24): warning C4305: '引數': 從 'double' 轉換為 'GLfloat'，是由較大的類型轉換為較小的類型，可能導致資料遺失
C:\Users\Benson\Desktop\1102913\1102913\1102913\1102913.cpp(100,49): warning C4244: '引數': 將 'double' 轉換為 'GLfloat'，由於類型不同，可能導致資料遺失
C:\Users\Benson\Desktop\1102913\1102913\1102913\1102913.cpp(100,18): warning C4244: '引數': 將 'double' 轉換為 'GLfloat'，由於類型不同，可能導致資料遺失
C:\Users\Benson\Desktop\1102913\1102913\1102913\1102913.cpp(110,24): warning C4305: '引數': 從 'double' 轉換為 'GLfloat'，是由較大的類型轉換為較小的類型，可能導致資料遺失
C:\Users\Benson\Desktop\1102913\1102913\1102913\1102913.cpp(114,49): warning C4244: '引數': 將 'double' 轉換為 'GLfloat'，由於類型不同，可能導致資料遺失
C:\Users\Benson\Desktop\1102913\1102913\1102913\1102913.cpp(114,18): warning C4244: '引數': 將 'double' 轉換為 'GLfloat'，由於類型不同，可能導致資料遺失
C:\Users\Benson\Desktop\1102913\1102913\1102913\1102913.cpp(118,25): warning C4305: '引數': 從 'double' 轉換為 'GLfloat'，是由較大的類型轉換為較小的類型，可能導致資料遺失
C:\Users\Benson\Desktop\1102913\1102913\1102913\1102913.cpp(119,24): warning C4305: '引數': 從 'double' 轉換為 'GLfloat'，是由較大的類型轉換為較小的類型，可能導致資料遺失
C:\Users\Benson\Desktop\1102913\1102913\1102913\1102913.cpp(123,25): warning C4305: '引數': 從 'double' 轉換為 'GLfloat'，是由較大的類型轉換為較小的類型，可能導致資料遺失
C:\Users\Benson\Desktop\1102913\1102913\1102913\1102913.cpp(130,49): warning C4244: '引數': 將 'double' 轉換為 'GLfloat'，由於類型不同，可能導致資料遺失
C:\Users\Benson\Desktop\1102913\1102913\1102913\1102913.cpp(130,18): warning C4244: '引數': 將 'double' 轉換為 'GLfloat'，由於類型不同，可能導致資料遺失
C:\Users\Benson\Desktop\1102913\1102913\1102913\1102913.cpp(155,28): warning C4305: '引數': 從 'double' 轉換為 'GLfloat'，是由較大的類型轉換為較小的類型，可能導致資料遺失
C:\Users\Benson\Desktop\1102913\1102913\1102913\1102913.cpp(156,27): warning C4305: '引數': 從 'double' 轉換為 'GLfloat'，是由較大的類型轉換為較小的類型，可能導致資料遺失
C:\Users\Benson\Desktop\1102913\1102913\1102913\1102913.cpp(157,27): warning C4305: '引數': 從 'double' 轉換為 'GLfloat'，是由較大的類型轉換為較小的類型，可能導致資料遺失
C:\Users\Benson\Desktop\1102913\1102913\1102913\1102913.cpp(161,27): warning C4305: '引數': 從 'double' 轉換為 'GLfloat'，是由較大的類型轉換為較小的類型，可能導致資料遺失
C:\Users\Benson\Desktop\1102913\1102913\1102913\1102913.cpp(162,28): warning C4305: '引數': 從 'double' 轉換為 'GLfloat'，是由較大的類型轉換為較小的類型，可能導致資料遺失
C:\Users\Benson\Desktop\1102913\1102913\1102913\1102913.cpp(163,28): warning C4305: '引數': 從 'double' 轉換為 'GLfloat'，是由較大的類型轉換為較小的類型，可能導致資料遺失
C:\Users\Benson\Desktop\1102913\1102913\1102913\1102913.cpp(182,25): warning C4305: '引數': 從 'double' 轉換為 'GLfloat'，是由較大的類型轉換為較小的類型，可能導致資料遺失
C:\Users\Benson\Desktop\1102913\1102913\1102913\1102913.cpp(186,25): warning C4305: '引數': 從 'double' 轉換為 'GLfloat'，是由較大的類型轉換為較小的類型，可能導致資料遺失
C:\Users\Benson\Desktop\1102913\1102913\1102913\1102913.cpp(190,24): warning C4305: '引數': 從 'double' 轉換為 'GLfloat'，是由較大的類型轉換為較小的類型，可能導致資料遺失
C:\Users\Benson\Desktop\1102913\1102913\1102913\1102913.cpp(194,26): warning C4305: '引數': 從 'double' 轉換為 'GLfloat'，是由較大的類型轉換為較小的類型，可能導致資料遺失
C:\Users\Benson\Desktop\1102913\1102913\1102913\1102913.cpp(256,23): warning C4305: '引數': 從 'double' 轉換為 'GLfloat'，是由較大的類型轉換為較小的類型，可能導致資料遺失
C:\Users\Benson\Desktop\1102913\1102913\1102913\1102913.cpp(257,22): warning C4305: '引數': 從 'double' 轉換為 'GLfloat'，是由較大的類型轉換為較小的類型，可能導致資料遺失
C:\Users\Benson\Desktop\1102913\1102913\1102913\1102913.cpp(258,22): warning C4305: '引數': 從 'double' 轉換為 'GLfloat'，是由較大的類型轉換為較小的類型，可能導致資料遺失
C:\Users\Benson\Desktop\1102913\1102913\1102913\1102913.cpp(259,23): warning C4305: '引數': 從 'double' 轉換為 'GLfloat'，是由較大的類型轉換為較小的類型，可能導致資料遺失
C:\Users\Benson\Desktop\1102913\1102913\1102913\1102913.cpp(271,22): warning C4305: '引數': 從 'double' 轉換為 'GLfloat'，是由較大的類型轉換為較小的類型，可能導致資料遺失
C:\Users\Benson\Desktop\1102913\1102913\1102913\1102913.cpp(272,22): warning C4305: '引數': 從 'double' 轉換為 'GLfloat'，是由較大的類型轉換為較小的類型，可能導致資料遺失
C:\Users\Benson\Desktop\1102913\1102913\1102913\1102913.cpp(273,22): warning C4305: '引數': 從 'double' 轉換為 'GLfloat'，是由較大的類型轉換為較小的類型，可能導致資料遺失
C:\Users\Benson\Desktop\1102913\1102913\1102913\1102913.cpp(288,47): warning C4244: '引數': 將 'double' 轉換為 'GLfloat'，由於類型不同，可能導致資料遺失
C:\Users\Benson\Desktop\1102913\1102913\1102913\1102913.cpp(288,16): warning C4244: '引數': 將 'double' 轉換為 'GLfloat'，由於類型不同，可能導致資料遺失
C:\Users\Benson\Desktop\1102913\1102913\1102913\1102913.cpp(324,40): warning C4305: '引數': 從 'int' 轉換為 'GLboolean'，是由較大的類型轉換為較小的類型，可能導致資料遺失
C:\Users\Benson\Desktop\1102913\1102913\1102913\1102913.cpp(324,32): warning C4309: '引數': 轉換導致常數值遭截斷; 可能需要使用較大的類型
C:\Users\Benson\Desktop\1102913\1102913\1102913\1102913.cpp(345,15): warning C4305: '+=': 從 'double' 轉換為 'GLfloat'，是由較大的類型轉換為較小的類型，可能導致資料遺失
C:\Users\Benson\Desktop\1102913\1102913\1102913\1102913.cpp(352,28): warning C4305: '-=': 從 'double' 轉換為 'GLfloat'，是由較大的類型轉換為較小的類型，可能導致資料遺失
C:\Users\Benson\Desktop\1102913\1102913\1102913\1102913.cpp(352,44): warning C4305: '+=': 從 'double' 轉換為 'GLfloat'，是由較大的類型轉換為較小的類型，可能導致資料遺失
C:\Users\Benson\Desktop\1102913\1102913\1102913\1102913.cpp(359,28): warning C4305: '+=': 從 'double' 轉換為 'GLfloat'，是由較大的類型轉換為較小的類型，可能導致資料遺失
C:\Users\Benson\Desktop\1102913\1102913\1102913\1102913.cpp(359,44): warning C4305: '-=': 從 'double' 轉換為 'GLfloat'，是由較大的類型轉換為較小的類型，可能導致資料遺失
C:\Users\Benson\Desktop\1102913\1102913\1102913\1102913.cpp(366,27): warning C4305: '-=': 從 'double' 轉換為 'GLfloat'，是由較大的類型轉換為較小的類型，可能導致資料遺失
C:\Users\Benson\Desktop\1102913\1102913\1102913\1102913.cpp(366,42): warning C4305: '+=': 從 'double' 轉換為 'GLfloat'，是由較大的類型轉換為較小的類型，可能導致資料遺失
C:\Users\Benson\Desktop\1102913\1102913\1102913\1102913.cpp(373,27): warning C4305: '+=': 從 'double' 轉換為 'GLfloat'，是由較大的類型轉換為較小的類型，可能導致資料遺失
C:\Users\Benson\Desktop\1102913\1102913\1102913\1102913.cpp(373,42): warning C4305: '-=': 從 'double' 轉換為 'GLfloat'，是由較大的類型轉換為較小的類型，可能導致資料遺失
C:\Users\Benson\Desktop\1102913\1102913\1102913\1102913.cpp(415,34): warning C4326: 'main' 的傳回類型應該是 'int'，而非 'void'
  1102913.vcxproj -> C:\Users\Benson\Desktop\1102913\1102913\Debug\1102913.exe
